{"C:\\Users\\Merved\\Documents\\GitHub\\ExamProjectSoft2ndSem\\Project\\api\\src\\index.ts": {"path":"C:\\Users\\Merved\\Documents\\GitHub\\ExamProjectSoft2ndSem\\Project\\api\\src\\index.ts","statementMap":{"0":{"start":{"line":1,"column":0},"end":{"line":1,"column":53}},"1":{"start":{"line":2,"column":0},"end":{"line":2,"column":24}},"2":{"start":{"line":3,"column":0},"end":{"line":3,"column":71}},"3":{"start":{"line":4,"column":0},"end":{"line":4,"column":null}},"4":{"start":{"line":9,"column":0},"end":{"line":9,"column":null}},"5":{"start":{"line":14,"column":0},"end":{"line":14,"column":66}},"6":{"start":{"line":15,"column":0},"end":{"line":15,"column":60}},"7":{"start":{"line":17,"column":0},"end":{"line":17,"column":84}},"8":{"start":{"line":20,"column":12},"end":{"line":20,"column":21}},"9":{"start":{"line":22,"column":0},"end":{"line":22,"column":16}},"10":{"start":{"line":23,"column":0},"end":{"line":23,"column":24}},"11":{"start":{"line":25,"column":0},"end":{"line":25,"column":38}},"12":{"start":{"line":27,"column":0},"end":{"line":46,"column":3}},"13":{"start":{"line":28,"column":4},"end":{"line":45,"column":5}},"14":{"start":{"line":29,"column":45},"end":{"line":29,"column":53}},"15":{"start":{"line":31,"column":21},"end":{"line":31,"column":71}},"16":{"start":{"line":33,"column":8},"end":{"line":33,"column":23}},"17":{"start":{"line":35,"column":8},"end":{"line":41,"column":9}},"18":{"start":{"line":36,"column":12},"end":{"line":36,"column":80}},"19":{"start":{"line":37,"column":12},"end":{"line":39,"column":15}},"20":{"start":{"line":40,"column":12},"end":{"line":40,"column":19}},"21":{"start":{"line":42,"column":8},"end":{"line":44,"column":11}},"22":{"start":{"line":48,"column":0},"end":{"line":59,"column":3}},"23":{"start":{"line":49,"column":4},"end":{"line":58,"column":5}},"24":{"start":{"line":50,"column":28},"end":{"line":50,"column":53}},"25":{"start":{"line":52,"column":8},"end":{"line":52,"column":30}},"26":{"start":{"line":54,"column":8},"end":{"line":54,"column":60}},"27":{"start":{"line":55,"column":8},"end":{"line":57,"column":11}},"28":{"start":{"line":61,"column":0},"end":{"line":91,"column":3}},"29":{"start":{"line":62,"column":4},"end":{"line":90,"column":5}},"30":{"start":{"line":70,"column":12},"end":{"line":70,"column":20}},"31":{"start":{"line":72,"column":22},"end":{"line":78,"column":null}},"32":{"start":{"line":81,"column":8},"end":{"line":84,"column":9}},"33":{"start":{"line":82,"column":12},"end":{"line":82,"column":66}},"34":{"start":{"line":83,"column":12},"end":{"line":83,"column":19}},"35":{"start":{"line":86,"column":8},"end":{"line":86,"column":24}},"36":{"start":{"line":88,"column":8},"end":{"line":88,"column":54}},"37":{"start":{"line":89,"column":8},"end":{"line":89,"column":64}},"38":{"start":{"line":93,"column":0},"end":{"line":111,"column":3}},"39":{"start":{"line":94,"column":4},"end":{"line":110,"column":5}},"40":{"start":{"line":95,"column":23},"end":{"line":95,"column":43}},"41":{"start":{"line":97,"column":8},"end":{"line":102,"column":9}},"42":{"start":{"line":98,"column":12},"end":{"line":100,"column":15}},"43":{"start":{"line":101,"column":12},"end":{"line":101,"column":19}},"44":{"start":{"line":104,"column":8},"end":{"line":104,"column":25}},"45":{"start":{"line":106,"column":8},"end":{"line":106,"column":54}},"46":{"start":{"line":107,"column":8},"end":{"line":109,"column":11}},"47":{"start":{"line":113,"column":0},"end":{"line":133,"column":3}},"48":{"start":{"line":114,"column":4},"end":{"line":132,"column":5}},"49":{"start":{"line":115,"column":33},"end":{"line":115,"column":41}},"50":{"start":{"line":117,"column":23},"end":{"line":117,"column":59}},"51":{"start":{"line":119,"column":8},"end":{"line":124,"column":9}},"52":{"start":{"line":120,"column":12},"end":{"line":122,"column":15}},"53":{"start":{"line":123,"column":12},"end":{"line":123,"column":19}},"54":{"start":{"line":126,"column":8},"end":{"line":126,"column":25}},"55":{"start":{"line":128,"column":8},"end":{"line":128,"column":54}},"56":{"start":{"line":129,"column":8},"end":{"line":131,"column":11}},"57":{"start":{"line":135,"column":0},"end":{"line":154,"column":3}},"58":{"start":{"line":136,"column":4},"end":{"line":153,"column":5}},"59":{"start":{"line":137,"column":23},"end":{"line":137,"column":51}},"60":{"start":{"line":140,"column":8},"end":{"line":145,"column":9}},"61":{"start":{"line":141,"column":12},"end":{"line":143,"column":15}},"62":{"start":{"line":144,"column":12},"end":{"line":144,"column":19}},"63":{"start":{"line":147,"column":8},"end":{"line":147,"column":25}},"64":{"start":{"line":149,"column":8},"end":{"line":149,"column":54}},"65":{"start":{"line":150,"column":8},"end":{"line":152,"column":11}},"66":{"start":{"line":156,"column":0},"end":{"line":176,"column":3}},"67":{"start":{"line":157,"column":4},"end":{"line":175,"column":5}},"68":{"start":{"line":158,"column":48},"end":{"line":158,"column":56}},"69":{"start":{"line":159,"column":22},"end":{"line":159,"column":74}},"70":{"start":{"line":162,"column":8},"end":{"line":167,"column":9}},"71":{"start":{"line":163,"column":12},"end":{"line":165,"column":15}},"72":{"start":{"line":166,"column":12},"end":{"line":166,"column":19}},"73":{"start":{"line":169,"column":8},"end":{"line":169,"column":24}},"74":{"start":{"line":171,"column":8},"end":{"line":171,"column":54}},"75":{"start":{"line":172,"column":8},"end":{"line":174,"column":11}},"76":{"start":{"line":178,"column":0},"end":{"line":199,"column":3}},"77":{"start":{"line":179,"column":4},"end":{"line":198,"column":5}},"78":{"start":{"line":180,"column":71},"end":{"line":180,"column":79}},"79":{"start":{"line":182,"column":25},"end":{"line":187,"column":10}},"80":{"start":{"line":189,"column":8},"end":{"line":192,"column":9}},"81":{"start":{"line":190,"column":12},"end":{"line":190,"column":69}},"82":{"start":{"line":191,"column":12},"end":{"line":191,"column":19}},"83":{"start":{"line":194,"column":8},"end":{"line":194,"column":27}},"84":{"start":{"line":196,"column":8},"end":{"line":196,"column":57}},"85":{"start":{"line":197,"column":8},"end":{"line":197,"column":67}},"86":{"start":{"line":201,"column":0},"end":{"line":201,"column":21}},"87":{"start":{"line":203,"column":0},"end":{"line":203,"column":19}}},"fnMap":{"0":{"name":"(anonymous_1)","decl":{"start":{"line":27,"column":19},"end":{"line":27,"column":24}},"loc":{"start":{"line":27,"column":57},"end":{"line":46,"column":1}}},"1":{"name":"(anonymous_2)","decl":{"start":{"line":48,"column":24},"end":{"line":48,"column":29}},"loc":{"start":{"line":48,"column":62},"end":{"line":59,"column":1}}},"2":{"name":"(anonymous_3)","decl":{"start":{"line":61,"column":25},"end":{"line":61,"column":30}},"loc":{"start":{"line":61,"column":63},"end":{"line":91,"column":1}}},"3":{"name":"(anonymous_4)","decl":{"start":{"line":93,"column":19},"end":{"line":93,"column":24}},"loc":{"start":{"line":93,"column":57},"end":{"line":111,"column":1}}},"4":{"name":"(anonymous_5)","decl":{"start":{"line":113,"column":24},"end":{"line":113,"column":29}},"loc":{"start":{"line":113,"column":62},"end":{"line":133,"column":1}}},"5":{"name":"(anonymous_6)","decl":{"start":{"line":135,"column":27},"end":{"line":135,"column":32}},"loc":{"start":{"line":135,"column":65},"end":{"line":154,"column":1}}},"6":{"name":"(anonymous_7)","decl":{"start":{"line":156,"column":31},"end":{"line":156,"column":36}},"loc":{"start":{"line":156,"column":69},"end":{"line":176,"column":1}}},"7":{"name":"(anonymous_8)","decl":{"start":{"line":178,"column":28},"end":{"line":178,"column":33}},"loc":{"start":{"line":178,"column":66},"end":{"line":199,"column":1}}}},"branchMap":{"0":{"loc":{"start":{"line":35,"column":8},"end":{"line":41,"column":9}},"type":"if","locations":[{"start":{"line":35,"column":8},"end":{"line":41,"column":9}}]},"1":{"loc":{"start":{"line":81,"column":8},"end":{"line":84,"column":9}},"type":"if","locations":[{"start":{"line":81,"column":8},"end":{"line":84,"column":9}}]},"2":{"loc":{"start":{"line":97,"column":8},"end":{"line":102,"column":9}},"type":"if","locations":[{"start":{"line":97,"column":8},"end":{"line":102,"column":9}}]},"3":{"loc":{"start":{"line":119,"column":8},"end":{"line":124,"column":9}},"type":"if","locations":[{"start":{"line":119,"column":8},"end":{"line":124,"column":9}}]},"4":{"loc":{"start":{"line":140,"column":8},"end":{"line":145,"column":9}},"type":"if","locations":[{"start":{"line":140,"column":8},"end":{"line":145,"column":9}}]},"5":{"loc":{"start":{"line":162,"column":8},"end":{"line":167,"column":9}},"type":"if","locations":[{"start":{"line":162,"column":8},"end":{"line":167,"column":9}}]},"6":{"loc":{"start":{"line":189,"column":8},"end":{"line":192,"column":9}},"type":"if","locations":[{"start":{"line":189,"column":8},"end":{"line":192,"column":9}}]}},"s":{"0":4,"1":4,"2":4,"3":4,"4":4,"5":4,"6":4,"7":4,"8":4,"9":4,"10":4,"11":4,"12":4,"13":3,"14":3,"15":3,"16":1,"17":2,"18":1,"19":1,"20":1,"21":1,"22":4,"23":1,"24":1,"25":1,"26":0,"27":0,"28":4,"29":2,"30":2,"31":2,"32":2,"33":1,"34":1,"35":1,"36":0,"37":0,"38":4,"39":2,"40":2,"41":2,"42":1,"43":1,"44":1,"45":0,"46":0,"47":4,"48":2,"49":2,"50":2,"51":2,"52":1,"53":1,"54":1,"55":0,"56":0,"57":4,"58":1,"59":1,"60":1,"61":0,"62":0,"63":1,"64":0,"65":0,"66":4,"67":1,"68":1,"69":1,"70":1,"71":0,"72":0,"73":1,"74":0,"75":0,"76":4,"77":3,"78":3,"79":3,"80":2,"81":1,"82":1,"83":1,"84":1,"85":1,"86":4,"87":4},"f":{"0":3,"1":1,"2":2,"3":2,"4":2,"5":1,"6":1,"7":3},"b":{"0":[1],"1":[1],"2":[1],"3":[1],"4":[0],"5":[0],"6":[1]}}
,"C:\\Users\\Merved\\Documents\\GitHub\\ExamProjectSoft2ndSem\\Project\\api\\src\\ormconfig.ts": {"path":"C:\\Users\\Merved\\Documents\\GitHub\\ExamProjectSoft2ndSem\\Project\\api\\src\\ormconfig.ts","statementMap":{"0":{"start":{"line":1,"column":0},"end":{"line":1,"column":37}},"1":{"start":{"line":2,"column":0},"end":{"line":2,"column":28}},"2":{"start":{"line":3,"column":0},"end":{"line":3,"column":46}},"3":{"start":{"line":4,"column":0},"end":{"line":4,"column":null}},"4":{"start":{"line":9,"column":0},"end":{"line":9,"column":60}},"5":{"start":{"line":10,"column":0},"end":{"line":10,"column":66}},"6":{"start":{"line":12,"column":0},"end":{"line":12,"column":16}},"7":{"start":{"line":14,"column":18},"end":{"line":14,"column":49}},"8":{"start":{"line":15,"column":21},"end":{"line":15,"column":60}},"9":{"start":{"line":17,"column":13},"end":{"line":26,"column":3}}},"fnMap":{},"branchMap":{"0":{"loc":{"start":{"line":15,"column":21},"end":{"line":15,"column":60}},"type":"cond-expr","locations":[{"start":{"line":15,"column":33},"end":{"line":15,"column":47}},{"start":{"line":15,"column":50},"end":{"line":15,"column":60}}]}},"s":{"0":10,"1":10,"2":10,"3":10,"4":10,"5":10,"6":10,"7":10,"8":10,"9":10},"f":{},"b":{"0":[10,0]}}
,"C:\\Users\\Merved\\Documents\\GitHub\\ExamProjectSoft2ndSem\\Project\\api\\src\\RestaurantService\\Restaurant.ts": {"path":"C:\\Users\\Merved\\Documents\\GitHub\\ExamProjectSoft2ndSem\\Project\\api\\src\\RestaurantService\\Restaurant.ts","statementMap":{"0":{"start":{"line":1,"column":0},"end":{"line":1,"column":57}},"1":{"start":{"line":2,"column":0},"end":{"line":2,"column":35}},"2":{"start":{"line":5,"column":7},"end":{"line":17,"column":null}},"3":{"start":{"line":5,"column":13},"end":{"line":5,"column":21}},"4":{"start":{"line":7,"column":4},"end":{"line":7,"column":null}},"5":{"start":{"line":10,"column":4},"end":{"line":10,"column":null}},"6":{"start":{"line":13,"column":4},"end":{"line":13,"column":null}},"7":{"start":{"line":16,"column":4},"end":{"line":16,"column":null}},"8":{"start":{"line":5,"column":13},"end":{"line":17,"column":null}},"9":{"start":{"line":20,"column":7},"end":{"line":32,"column":null}},"10":{"start":{"line":20,"column":13},"end":{"line":20,"column":23}},"11":{"start":{"line":22,"column":4},"end":{"line":22,"column":null}},"12":{"start":{"line":25,"column":4},"end":{"line":25,"column":null}},"13":{"start":{"line":28,"column":4},"end":{"line":28,"column":null}},"14":{"start":{"line":31,"column":4},"end":{"line":31,"column":null}},"15":{"start":{"line":20,"column":13},"end":{"line":32,"column":null}},"16":{"start":{"line":35,"column":7},"end":{"line":47,"column":null}},"17":{"start":{"line":35,"column":13},"end":{"line":35,"column":20}},"18":{"start":{"line":37,"column":4},"end":{"line":37,"column":null}},"19":{"start":{"line":40,"column":4},"end":{"line":40,"column":null}},"20":{"start":{"line":43,"column":4},"end":{"line":43,"column":null}},"21":{"start":{"line":46,"column":4},"end":{"line":46,"column":null}},"22":{"start":{"line":35,"column":13},"end":{"line":47,"column":null}}},"fnMap":{},"branchMap":{},"s":{"0":10,"1":10,"2":10,"3":10,"4":10,"5":10,"6":10,"7":10,"8":10,"9":10,"10":10,"11":10,"12":10,"13":10,"14":10,"15":10,"16":10,"17":10,"18":10,"19":10,"20":10,"21":10,"22":10},"f":{},"b":{}}
,"C:\\Users\\Merved\\Documents\\GitHub\\ExamProjectSoft2ndSem\\Project\\api\\src\\RestaurantService\\dbFunctions.ts": {"path":"C:\\Users\\Merved\\Documents\\GitHub\\ExamProjectSoft2ndSem\\Project\\api\\src\\RestaurantService\\dbFunctions.ts","statementMap":{"0":{"start":{"line":51,"column":9},"end":{"line":51,"column":21}},"1":{"start":{"line":51,"column":23},"end":{"line":51,"column":40}},"2":{"start":{"line":51,"column":42},"end":{"line":51,"column":52}},"3":{"start":{"line":2,"column":0},"end":{"line":2,"column":48}},"4":{"start":{"line":3,"column":0},"end":{"line":3,"column":64}},"5":{"start":{"line":6,"column":29},"end":{"line":6,"column":73}},"6":{"start":{"line":51,"column":54},"end":{"line":51,"column":74}},"7":{"start":{"line":7,"column":27},"end":{"line":7,"column":69}},"8":{"start":{"line":8,"column":26},"end":{"line":8,"column":67}},"9":{"start":{"line":11,"column":20},"end":{"line":15,"column":6}},"10":{"start":{"line":17,"column":4},"end":{"line":17,"column":19}},"11":{"start":{"line":21,"column":22},"end":{"line":25,"column":6}},"12":{"start":{"line":27,"column":4},"end":{"line":27,"column":21}},"13":{"start":{"line":31,"column":24},"end":{"line":31,"column":57}},"14":{"start":{"line":33,"column":27},"end":{"line":33,"column":29}},"15":{"start":{"line":35,"column":4},"end":{"line":46,"column":5}},"16":{"start":{"line":36,"column":26},"end":{"line":36,"column":56}},"17":{"start":{"line":37,"column":24},"end":{"line":37,"column":52}},"18":{"start":{"line":39,"column":31},"end":{"line":43,"column":10}},"19":{"start":{"line":45,"column":8},"end":{"line":45,"column":44}},"20":{"start":{"line":48,"column":4},"end":{"line":48,"column":26}}},"fnMap":{"0":{"name":"getAddress","decl":{"start":{"line":10,"column":15},"end":{"line":10,"column":25}},"loc":{"start":{"line":10,"column":52},"end":{"line":18,"column":1}}},"1":{"name":"getMenuItems","decl":{"start":{"line":20,"column":15},"end":{"line":20,"column":27}},"loc":{"start":{"line":20,"column":46},"end":{"line":28,"column":1}}},"2":{"name":"getAllRestaurants","decl":{"start":{"line":30,"column":15},"end":{"line":30,"column":32}},"loc":{"start":{"line":30,"column":32},"end":{"line":49,"column":1}}}},"branchMap":{},"s":{"0":4,"1":4,"2":4,"3":4,"4":4,"5":4,"6":4,"7":4,"8":4,"9":0,"10":0,"11":0,"12":0,"13":0,"14":0,"15":0,"16":0,"17":0,"18":0,"19":0,"20":0},"f":{"0":0,"1":0,"2":0},"b":{}}
,"C:\\Users\\Merved\\Documents\\GitHub\\ExamProjectSoft2ndSem\\Project\\api\\src\\adapters\\loginServiceAdapter.ts": {"path":"C:\\Users\\Merved\\Documents\\GitHub\\ExamProjectSoft2ndSem\\Project\\api\\src\\adapters\\loginServiceAdapter.ts","statementMap":{"0":{"start":{"line":19,"column":9},"end":{"line":19,"column":40}},"1":{"start":{"line":1,"column":0},"end":{"line":1,"column":26}},"2":{"start":{"line":2,"column":0},"end":{"line":2,"column":28}},"3":{"start":{"line":5,"column":0},"end":{"line":5,"column":16}},"4":{"start":{"line":7,"column":13},"end":{"line":7,"column":29}},"5":{"start":{"line":8,"column":17},"end":{"line":8,"column":56}},"6":{"start":{"line":11,"column":35},"end":{"line":11,"column":46}},"7":{"start":{"line":13,"column":25},"end":{"line":13,"column":100}},"8":{"start":{"line":15,"column":8},"end":{"line":15,"column":29}}},"fnMap":{"0":{"name":"loginServiceValidateCredentials","decl":{"start":{"line":10,"column":15},"end":{"line":10,"column":46}},"loc":{"start":{"line":10,"column":75},"end":{"line":16,"column":1}}}},"branchMap":{},"s":{"0":4,"1":4,"2":4,"3":4,"4":4,"5":4,"6":3,"7":3,"8":1},"f":{"0":3},"b":{}}
,"C:\\Users\\Merved\\Documents\\GitHub\\ExamProjectSoft2ndSem\\Project\\api\\src\\loginService\\User.ts": {"path":"C:\\Users\\Merved\\Documents\\GitHub\\ExamProjectSoft2ndSem\\Project\\api\\src\\loginService\\User.ts","statementMap":{"0":{"start":{"line":1,"column":0},"end":{"line":1,"column":67}},"1":{"start":{"line":2,"column":0},"end":{"line":2,"column":46}},"2":{"start":{"line":3,"column":0},"end":{"line":3,"column":52}},"3":{"start":{"line":6,"column":7},"end":{"line":27,"column":null}},"4":{"start":{"line":6,"column":13},"end":{"line":6,"column":17}},"5":{"start":{"line":8,"column":4},"end":{"line":8,"column":null}},"6":{"start":{"line":11,"column":4},"end":{"line":11,"column":null}},"7":{"start":{"line":14,"column":4},"end":{"line":14,"column":null}},"8":{"start":{"line":17,"column":4},"end":{"line":17,"column":null}},"9":{"start":{"line":20,"column":4},"end":{"line":20,"column":null}},"10":{"start":{"line":23,"column":4},"end":{"line":23,"column":null}},"11":{"start":{"line":26,"column":4},"end":{"line":26,"column":null}},"12":{"start":{"line":6,"column":13},"end":{"line":27,"column":null}}},"fnMap":{},"branchMap":{},"s":{"0":10,"1":10,"2":10,"3":10,"4":10,"5":10,"6":10,"7":10,"8":10,"9":10,"10":10,"11":10,"12":10},"f":{},"b":{}}
,"C:\\Users\\Merved\\Documents\\GitHub\\ExamProjectSoft2ndSem\\Project\\api\\src\\loginService\\loginRoutes.ts": {"path":"C:\\Users\\Merved\\Documents\\GitHub\\ExamProjectSoft2ndSem\\Project\\api\\src\\loginService\\loginRoutes.ts","statementMap":{"0":{"start":{"line":1,"column":0},"end":{"line":1,"column":30}},"1":{"start":{"line":2,"column":0},"end":{"line":2,"column":58}},"2":{"start":{"line":5,"column":20},"end":{"line":5,"column":36}},"3":{"start":{"line":22,"column":9},"end":{"line":22,"column":20}},"4":{"start":{"line":7,"column":0},"end":{"line":20,"column":3}},"5":{"start":{"line":8,"column":4},"end":{"line":19,"column":5}},"6":{"start":{"line":9,"column":45},"end":{"line":9,"column":53}},"7":{"start":{"line":10,"column":21},"end":{"line":10,"column":59}},"8":{"start":{"line":11,"column":8},"end":{"line":15,"column":9}},"9":{"start":{"line":12,"column":12},"end":{"line":12,"column":67}},"10":{"start":{"line":14,"column":12},"end":{"line":14,"column":27}},"11":{"start":{"line":17,"column":8},"end":{"line":17,"column":29}},"12":{"start":{"line":18,"column":8},"end":{"line":18,"column":72}}},"fnMap":{"0":{"name":"(anonymous_1)","decl":{"start":{"line":7,"column":41},"end":{"line":7,"column":46}},"loc":{"start":{"line":7,"column":60},"end":{"line":20,"column":1}}}},"branchMap":{"0":{"loc":{"start":{"line":11,"column":8},"end":{"line":15,"column":9}},"type":"if","locations":[{"start":{"line":11,"column":8},"end":{"line":15,"column":9}},{"start":{"line":13,"column":15},"end":{"line":15,"column":9}}]}},"s":{"0":5,"1":5,"2":5,"3":5,"4":5,"5":3,"6":3,"7":3,"8":2,"9":1,"10":1,"11":1,"12":1},"f":{"0":3},"b":{"0":[1,1]}}
,"C:\\Users\\Merved\\Documents\\GitHub\\ExamProjectSoft2ndSem\\Project\\api\\src\\loginService\\userRepository.ts": {"path":"C:\\Users\\Merved\\Documents\\GitHub\\ExamProjectSoft2ndSem\\Project\\api\\src\\loginService\\userRepository.ts","statementMap":{"0":{"start":{"line":18,"column":9},"end":{"line":18,"column":28}},"1":{"start":{"line":2,"column":0},"end":{"line":2,"column":46}},"2":{"start":{"line":3,"column":0},"end":{"line":3,"column":33}},"3":{"start":{"line":5,"column":23},"end":{"line":5,"column":61}},"4":{"start":{"line":8,"column":33},"end":{"line":8,"column":44}},"5":{"start":{"line":10,"column":17},"end":{"line":13,"column":8}},"6":{"start":{"line":15,"column":4},"end":{"line":15,"column":16}}},"fnMap":{"0":{"name":"validateCredentials","decl":{"start":{"line":7,"column":15},"end":{"line":7,"column":34}},"loc":{"start":{"line":7,"column":63},"end":{"line":16,"column":1}}}},"branchMap":{},"s":{"0":5,"1":5,"2":5,"3":5,"4":0,"5":0,"6":0},"f":{"0":0},"b":{}}
,"C:\\Users\\Merved\\Documents\\GitHub\\ExamProjectSoft2ndSem\\Project\\api\\src\\loginService\\types\\users.ts": {"path":"C:\\Users\\Merved\\Documents\\GitHub\\ExamProjectSoft2ndSem\\Project\\api\\src\\loginService\\types\\users.ts","statementMap":{"0":{"start":{"line":1,"column":0},"end":{"line":1,"column":null}},"1":{"start":{"line":2,"column":4},"end":{"line":2,"column":null}},"2":{"start":{"line":3,"column":4},"end":{"line":3,"column":null}},"3":{"start":{"line":4,"column":4},"end":{"line":4,"column":null}},"4":{"start":{"line":5,"column":4},"end":{"line":5,"column":null}}},"fnMap":{"0":{"name":"(anonymous_0)","decl":{"start":{"line":1,"column":0},"end":{"line":1,"column":12}},"loc":{"start":{"line":1,"column":22},"end":{"line":6,"column":1}}}},"branchMap":{"0":{"loc":{"start":{"line":1,"column":12},"end":{"line":1,"column":null}},"type":"binary-expr","locations":[{"start":{"line":1,"column":12},"end":{"line":1,"column":22}},{"start":{"line":1,"column":22},"end":{"line":1,"column":null}}]}},"s":{"0":10,"1":10,"2":10,"3":10,"4":10},"f":{"0":10},"b":{"0":[10,10]}}
,"C:\\Users\\Merved\\Documents\\GitHub\\ExamProjectSoft2ndSem\\Project\\api\\src\\messagingService\\kafkaAdapter.ts": {"path":"C:\\Users\\Merved\\Documents\\GitHub\\ExamProjectSoft2ndSem\\Project\\api\\src\\messagingService\\kafkaAdapter.ts","statementMap":{"0":{"start":{"line":64,"column":9},"end":{"line":64,"column":18}},"1":{"start":{"line":64,"column":19},"end":{"line":64,"column":30}},"2":{"start":{"line":1,"column":0},"end":{"line":1,"column":32}},"3":{"start":{"line":4,"column":14},"end":{"line":7,"column":2}},"4":{"start":{"line":9,"column":17},"end":{"line":9,"column":33}},"5":{"start":{"line":10,"column":17},"end":{"line":10,"column":53}},"6":{"start":{"line":14,"column":4},"end":{"line":14,"column":29}},"7":{"start":{"line":16,"column":4},"end":{"line":23,"column":7}},"8":{"start":{"line":25,"column":4},"end":{"line":25,"column":32}},"9":{"start":{"line":30,"column":4},"end":{"line":30,"column":29}},"10":{"start":{"line":31,"column":4},"end":{"line":31,"column":76}},"11":{"start":{"line":33,"column":4},"end":{"line":61,"column":7}},"12":{"start":{"line":37,"column":12},"end":{"line":40,"column":13}},"13":{"start":{"line":38,"column":16},"end":{"line":38,"column":54}},"14":{"start":{"line":39,"column":16},"end":{"line":39,"column":23}},"15":{"start":{"line":41,"column":26},"end":{"line":41,"column":62}},"16":{"start":{"line":42,"column":43},"end":{"line":42,"column":48}},"17":{"start":{"line":44,"column":12},"end":{"line":57,"column":13}},"18":{"start":{"line":46,"column":20},"end":{"line":46,"column":58}},"19":{"start":{"line":47,"column":20},"end":{"line":47,"column":26}},"20":{"start":{"line":49,"column":20},"end":{"line":49,"column":61}},"21":{"start":{"line":50,"column":20},"end":{"line":50,"column":26}},"22":{"start":{"line":53,"column":20},"end":{"line":53,"column":61}},"23":{"start":{"line":54,"column":20},"end":{"line":54,"column":26}},"24":{"start":{"line":56,"column":20},"end":{"line":56,"column":71}},"25":{"start":{"line":59,"column":12},"end":{"line":59,"column":114}}},"fnMap":{"0":{"name":"sendEvent","decl":{"start":{"line":13,"column":15},"end":{"line":13,"column":24}},"loc":{"start":{"line":13,"column":56},"end":{"line":26,"column":1}}},"1":{"name":"runConsumer","decl":{"start":{"line":29,"column":15},"end":{"line":29,"column":26}},"loc":{"start":{"line":29,"column":26},"end":{"line":62,"column":1}}},"2":{"name":"(anonymous_2)","decl":{"start":{"line":34,"column":21},"end":{"line":34,"column":26}},"loc":{"start":{"line":34,"column":61},"end":{"line":60,"column":9}}}},"branchMap":{"0":{"loc":{"start":{"line":6,"column":13},"end":{"line":6,"column":56}},"type":"binary-expr","locations":[{"start":{"line":6,"column":13},"end":{"line":6,"column":50}},{"start":{"line":6,"column":54},"end":{"line":6,"column":56}}]},"1":{"loc":{"start":{"line":37,"column":12},"end":{"line":40,"column":13}},"type":"if","locations":[{"start":{"line":37,"column":12},"end":{"line":40,"column":13}}]},"2":{"loc":{"start":{"line":44,"column":12},"end":{"line":57,"column":13}},"type":"switch","locations":[{"start":{"line":45,"column":16},"end":{"line":47,"column":26}},{"start":{"line":48,"column":16},"end":{"line":50,"column":26}},{"start":{"line":52,"column":16},"end":{"line":54,"column":26}},{"start":{"line":55,"column":16},"end":{"line":56,"column":71}}]}},"s":{"0":4,"1":4,"2":4,"3":4,"4":4,"5":4,"6":0,"7":0,"8":0,"9":0,"10":0,"11":0,"12":0,"13":0,"14":0,"15":0,"16":0,"17":0,"18":0,"19":0,"20":0,"21":0,"22":0,"23":0,"24":0,"25":0},"f":{"0":0,"1":0,"2":0},"b":{"0":[4,0],"1":[0],"2":[0,0,0,0]}}
,"C:\\Users\\Merved\\Documents\\GitHub\\ExamProjectSoft2ndSem\\Project\\api\\src\\messagingService\\messaging.ts": {"path":"C:\\Users\\Merved\\Documents\\GitHub\\ExamProjectSoft2ndSem\\Project\\api\\src\\messagingService\\messaging.ts","statementMap":{"0":{"start":{"line":4,"column":0},"end":{"line":4,"column":16}},"1":{"start":{"line":2,"column":0},"end":{"line":2,"column":46}},"2":{"start":{"line":5,"column":4},"end":{"line":19,"column":7}},"3":{"start":{"line":6,"column":8},"end":{"line":18,"column":9}},"4":{"start":{"line":8,"column":12},"end":{"line":13,"column":15}},"5":{"start":{"line":14,"column":12},"end":{"line":14,"column":49}},"6":{"start":{"line":16,"column":12},"end":{"line":16,"column":57}},"7":{"start":{"line":17,"column":12},"end":{"line":17,"column":60}},"8":{"start":{"line":21,"column":4},"end":{"line":31,"column":7}},"9":{"start":{"line":22,"column":25},"end":{"line":22,"column":33}},"10":{"start":{"line":23,"column":27},"end":{"line":23,"column":56}},"11":{"start":{"line":24,"column":8},"end":{"line":30,"column":9}},"12":{"start":{"line":25,"column":12},"end":{"line":25,"column":50}},"13":{"start":{"line":26,"column":12},"end":{"line":26,"column":49}},"14":{"start":{"line":28,"column":12},"end":{"line":28,"column":57}},"15":{"start":{"line":29,"column":12},"end":{"line":29,"column":60}}},"fnMap":{"0":{"name":"messagingRoutes","decl":{"start":{"line":4,"column":16},"end":{"line":4,"column":31}},"loc":{"start":{"line":4,"column":44},"end":{"line":32,"column":1}}},"1":{"name":"(anonymous_1)","decl":{"start":{"line":5,"column":24},"end":{"line":5,"column":29}},"loc":{"start":{"line":5,"column":62},"end":{"line":19,"column":5}}},"2":{"name":"(anonymous_2)","decl":{"start":{"line":21,"column":27},"end":{"line":21,"column":32}},"loc":{"start":{"line":21,"column":65},"end":{"line":31,"column":5}}}},"branchMap":{},"s":{"0":4,"1":4,"2":4,"3":0,"4":0,"5":0,"6":0,"7":0,"8":4,"9":0,"10":0,"11":0,"12":0,"13":0,"14":0,"15":0},"f":{"0":4,"1":0,"2":0},"b":{}}
,"C:\\Users\\Merved\\Documents\\GitHub\\ExamProjectSoft2ndSem\\Project\\api\\src\\monolithOrderAndFeedback\\Feedback.ts": {"path":"C:\\Users\\Merved\\Documents\\GitHub\\ExamProjectSoft2ndSem\\Project\\api\\src\\monolithOrderAndFeedback\\Feedback.ts","statementMap":{"0":{"start":{"line":1,"column":0},"end":{"line":1,"column":57}},"1":{"start":{"line":2,"column":0},"end":{"line":2,"column":35}},"2":{"start":{"line":5,"column":7},"end":{"line":17,"column":null}},"3":{"start":{"line":5,"column":13},"end":{"line":5,"column":21}},"4":{"start":{"line":7,"column":4},"end":{"line":7,"column":null}},"5":{"start":{"line":10,"column":4},"end":{"line":10,"column":null}},"6":{"start":{"line":13,"column":4},"end":{"line":13,"column":null}},"7":{"start":{"line":16,"column":4},"end":{"line":16,"column":null}},"8":{"start":{"line":5,"column":13},"end":{"line":17,"column":null}}},"fnMap":{},"branchMap":{},"s":{"0":10,"1":10,"2":10,"3":10,"4":10,"5":10,"6":10,"7":10,"8":10},"f":{},"b":{}}
,"C:\\Users\\Merved\\Documents\\GitHub\\ExamProjectSoft2ndSem\\Project\\api\\src\\monolithOrderAndFeedback\\Order.ts": {"path":"C:\\Users\\Merved\\Documents\\GitHub\\ExamProjectSoft2ndSem\\Project\\api\\src\\monolithOrderAndFeedback\\Order.ts","statementMap":{"0":{"start":{"line":1,"column":0},"end":{"line":1,"column":61}},"1":{"start":{"line":2,"column":0},"end":{"line":2,"column":57}},"2":{"start":{"line":3,"column":0},"end":{"line":3,"column":35}},"3":{"start":{"line":9,"column":7},"end":{"line":46,"column":null}},"4":{"start":{"line":9,"column":13},"end":{"line":9,"column":18}},"5":{"start":{"line":11,"column":4},"end":{"line":11,"column":null}},"6":{"start":{"line":14,"column":4},"end":{"line":14,"column":null}},"7":{"start":{"line":17,"column":4},"end":{"line":17,"column":null}},"8":{"start":{"line":20,"column":4},"end":{"line":20,"column":null}},"9":{"start":{"line":27,"column":4},"end":{"line":27,"column":null}},"10":{"start":{"line":30,"column":4},"end":{"line":30,"column":null}},"11":{"start":{"line":33,"column":4},"end":{"line":33,"column":null}},"12":{"start":{"line":36,"column":4},"end":{"line":36,"column":null}},"13":{"start":{"line":39,"column":4},"end":{"line":39,"column":null}},"14":{"start":{"line":42,"column":4},"end":{"line":42,"column":null}},"15":{"start":{"line":45,"column":4},"end":{"line":45,"column":null}},"16":{"start":{"line":9,"column":13},"end":{"line":46,"column":null}}},"fnMap":{},"branchMap":{},"s":{"0":10,"1":10,"2":10,"3":10,"4":10,"5":10,"6":10,"7":10,"8":10,"9":10,"10":10,"11":10,"12":10,"13":10,"14":10,"15":10,"16":10},"f":{},"b":{}}
,"C:\\Users\\Merved\\Documents\\GitHub\\ExamProjectSoft2ndSem\\Project\\api\\src\\monolithOrderAndFeedback\\OrderAndFeedbackRepository.ts": {"path":"C:\\Users\\Merved\\Documents\\GitHub\\ExamProjectSoft2ndSem\\Project\\api\\src\\monolithOrderAndFeedback\\OrderAndFeedbackRepository.ts","statementMap":{"0":{"start":{"line":216,"column":4},"end":{"line":216,"column":12}},"1":{"start":{"line":217,"column":4},"end":{"line":217,"column":24}},"2":{"start":{"line":218,"column":4},"end":{"line":218,"column":30}},"3":{"start":{"line":221,"column":4},"end":{"line":221,"column":16}},"4":{"start":{"line":222,"column":4},"end":{"line":222,"column":20}},"5":{"start":{"line":223,"column":4},"end":{"line":223,"column":21}},"6":{"start":{"line":1,"column":0},"end":{"line":1,"column":35}},"7":{"start":{"line":2,"column":0},"end":{"line":2,"column":47}},"8":{"start":{"line":3,"column":0},"end":{"line":3,"column":48}},"9":{"start":{"line":4,"column":0},"end":{"line":4,"column":71}},"10":{"start":{"line":5,"column":0},"end":{"line":5,"column":41}},"11":{"start":{"line":6,"column":0},"end":{"line":6,"column":35}},"12":{"start":{"line":10,"column":24},"end":{"line":10,"column":63}},"13":{"start":{"line":220,"column":4},"end":{"line":220,"column":19}},"14":{"start":{"line":11,"column":27},"end":{"line":11,"column":69}},"15":{"start":{"line":12,"column":27},"end":{"line":12,"column":69}},"16":{"start":{"line":219,"column":4},"end":{"line":219,"column":22}},"17":{"start":{"line":13,"column":26},"end":{"line":13,"column":67}},"18":{"start":{"line":14,"column":23},"end":{"line":14,"column":61}},"19":{"start":{"line":17,"column":4},"end":{"line":17,"column":28}},"20":{"start":{"line":17,"column":16},"end":{"line":17,"column":28}},"21":{"start":{"line":19,"column":25},"end":{"line":19,"column":54}},"22":{"start":{"line":21,"column":4},"end":{"line":21,"column":46}},"23":{"start":{"line":25,"column":20},"end":{"line":29,"column":6}},"24":{"start":{"line":31,"column":4},"end":{"line":31,"column":19}},"25":{"start":{"line":35,"column":21},"end":{"line":39,"column":6}},"26":{"start":{"line":41,"column":4},"end":{"line":41,"column":20}},"27":{"start":{"line":45,"column":24},"end":{"line":46,"column":null}},"28":{"start":{"line":46,"column":8},"end":{"line":46,"column":58}},"29":{"start":{"line":46,"column":42},"end":{"line":46,"column":57}},"30":{"start":{"line":49,"column":22},"end":{"line":53,"column":6}},"31":{"start":{"line":51,"column":48},"end":{"line":51,"column":50}},"32":{"start":{"line":55,"column":24},"end":{"line":56,"column":null}},"33":{"start":{"line":56,"column":32},"end":{"line":56,"column":62}},"34":{"start":{"line":59,"column":4},"end":{"line":64,"column":5}},"35":{"start":{"line":60,"column":8},"end":{"line":63,"column":12}},"36":{"start":{"line":60,"column":65},"end":{"line":63,"column":10}},"37":{"start":{"line":66,"column":4},"end":{"line":66,"column":18}},"38":{"start":{"line":74,"column":4},"end":{"line":80,"column":5}},"39":{"start":{"line":75,"column":8},"end":{"line":75,"column":79}},"40":{"start":{"line":76,"column":11},"end":{"line":80,"column":5}},"41":{"start":{"line":77,"column":8},"end":{"line":79,"column":10}},"42":{"start":{"line":82,"column":26},"end":{"line":82,"column":47}},"43":{"start":{"line":83,"column":18},"end":{"line":85,"column":6}},"44":{"start":{"line":87,"column":4},"end":{"line":89,"column":5}},"45":{"start":{"line":88,"column":8},"end":{"line":88,"column":62}},"46":{"start":{"line":91,"column":29},"end":{"line":95,"column":6}},"47":{"start":{"line":97,"column":25},"end":{"line":97,"column":62}},"48":{"start":{"line":99,"column":4},"end":{"line":99,"column":24}},"49":{"start":{"line":103,"column":4},"end":{"line":130,"column":5}},"50":{"start":{"line":104,"column":35},"end":{"line":104,"column":61}},"51":{"start":{"line":105,"column":23},"end":{"line":107,"column":10}},"52":{"start":{"line":109,"column":36},"end":{"line":109,"column":38}},"53":{"start":{"line":111,"column":35},"end":{"line":111,"column":61}},"54":{"start":{"line":113,"column":8},"end":{"line":124,"column":9}},"55":{"start":{"line":114,"column":28},"end":{"line":114,"column":51}},"56":{"start":{"line":115,"column":29},"end":{"line":115,"column":53}},"57":{"start":{"line":117,"column":38},"end":{"line":121,"column":14}},"58":{"start":{"line":123,"column":12},"end":{"line":123,"column":40}},"59":{"start":{"line":126,"column":8},"end":{"line":126,"column":26}},"60":{"start":{"line":128,"column":8},"end":{"line":128,"column":55}},"61":{"start":{"line":129,"column":8},"end":{"line":129,"column":20}},"62":{"start":{"line":134,"column":4},"end":{"line":141,"column":5}},"63":{"start":{"line":135,"column":23},"end":{"line":135,"column":51}},"64":{"start":{"line":137,"column":8},"end":{"line":137,"column":22}},"65":{"start":{"line":139,"column":8},"end":{"line":139,"column":55}},"66":{"start":{"line":140,"column":8},"end":{"line":140,"column":20}},"67":{"start":{"line":145,"column":4},"end":{"line":171,"column":5}},"68":{"start":{"line":146,"column":31},"end":{"line":148,"column":10}},"69":{"start":{"line":150,"column":43},"end":{"line":150,"column":45}},"70":{"start":{"line":152,"column":36},"end":{"line":152,"column":70}},"71":{"start":{"line":154,"column":8},"end":{"line":165,"column":9}},"72":{"start":{"line":155,"column":28},"end":{"line":155,"column":59}},"73":{"start":{"line":156,"column":29},"end":{"line":156,"column":61}},"74":{"start":{"line":158,"column":38},"end":{"line":162,"column":14}},"75":{"start":{"line":164,"column":12},"end":{"line":164,"column":54}},"76":{"start":{"line":167,"column":8},"end":{"line":167,"column":33}},"77":{"start":{"line":169,"column":8},"end":{"line":169,"column":55}},"78":{"start":{"line":170,"column":8},"end":{"line":170,"column":20}},"79":{"start":{"line":180,"column":4},"end":{"line":212,"column":6}},"80":{"start":{"line":182,"column":35},"end":{"line":182,"column":56}},"81":{"start":{"line":184,"column":26},"end":{"line":186,"column":14}},"82":{"start":{"line":188,"column":12},"end":{"line":190,"column":13}},"83":{"start":{"line":189,"column":16},"end":{"line":189,"column":70}},"84":{"start":{"line":192,"column":29},"end":{"line":196,"column":14}},"85":{"start":{"line":198,"column":12},"end":{"line":198,"column":60}},"86":{"start":{"line":200,"column":33},"end":{"line":203,"column":null}},"87":{"start":{"line":206,"column":12},"end":{"line":208,"column":13}},"88":{"start":{"line":207,"column":16},"end":{"line":207,"column":75}},"89":{"start":{"line":210,"column":12},"end":{"line":210,"column":28}}},"fnMap":{"0":{"name":"AddOrder","decl":{"start":{"line":16,"column":15},"end":{"line":16,"column":23}},"loc":{"start":{"line":16,"column":40},"end":{"line":22,"column":1}}},"1":{"name":"getAddress","decl":{"start":{"line":24,"column":15},"end":{"line":24,"column":25}},"loc":{"start":{"line":24,"column":39},"end":{"line":32,"column":1}}},"2":{"name":"getCustomer","decl":{"start":{"line":34,"column":15},"end":{"line":34,"column":26}},"loc":{"start":{"line":34,"column":40},"end":{"line":42,"column":1}}},"3":{"name":"getMenuItems","decl":{"start":{"line":44,"column":15},"end":{"line":44,"column":27}},"loc":{"start":{"line":44,"column":43},"end":{"line":67,"column":1}}},"4":{"name":"(anonymous_4)","decl":{"start":{"line":45,"column":39},"end":{"line":45,"column":40}},"loc":{"start":{"line":46,"column":8},"end":{"line":46,"column":58}}},"5":{"name":"(anonymous_5)","decl":{"start":{"line":46,"column":32},"end":{"line":46,"column":33}},"loc":{"start":{"line":46,"column":42},"end":{"line":46,"column":57}}},"6":{"name":"(anonymous_6)","decl":{"start":{"line":51,"column":40},"end":{"line":51,"column":41}},"loc":{"start":{"line":51,"column":48},"end":{"line":51,"column":50}}},"7":{"name":"(anonymous_7)","decl":{"start":{"line":56,"column":22},"end":{"line":56,"column":23}},"loc":{"start":{"line":56,"column":32},"end":{"line":56,"column":62}}},"8":{"name":"(anonymous_8)","decl":{"start":{"line":60,"column":54},"end":{"line":60,"column":55}},"loc":{"start":{"line":60,"column":65},"end":{"line":63,"column":10}}},"9":{"name":"acceptRejectOrder","decl":{"start":{"line":69,"column":15},"end":{"line":69,"column":32}},"loc":{"start":{"line":72,"column":24},"end":{"line":100,"column":1}}},"10":{"name":"GetAllOrdersById","decl":{"start":{"line":102,"column":15},"end":{"line":102,"column":31}},"loc":{"start":{"line":102,"column":52},"end":{"line":131,"column":1}}},"11":{"name":"GetAllOrders","decl":{"start":{"line":133,"column":15},"end":{"line":133,"column":27}},"loc":{"start":{"line":133,"column":27},"end":{"line":142,"column":1}}},"12":{"name":"GetAllAcceptedOrders","decl":{"start":{"line":144,"column":15},"end":{"line":144,"column":35}},"loc":{"start":{"line":144,"column":35},"end":{"line":172,"column":1}}},"13":{"name":"createFeedbackAndLinkOrder","decl":{"start":{"line":174,"column":15},"end":{"line":174,"column":41}},"loc":{"start":{"line":179,"column":15},"end":{"line":213,"column":1}}},"14":{"name":"(anonymous_14)","decl":{"start":{"line":181,"column":8},"end":{"line":181,"column":13}},"loc":{"start":{"line":181,"column":45},"end":{"line":211,"column":9}}}},"branchMap":{"0":{"loc":{"start":{"line":17,"column":4},"end":{"line":17,"column":28}},"type":"if","locations":[{"start":{"line":17,"column":4},"end":{"line":17,"column":28}}]},"1":{"loc":{"start":{"line":74,"column":4},"end":{"line":80,"column":5}},"type":"if","locations":[{"start":{"line":74,"column":4},"end":{"line":80,"column":5}},{"start":{"line":76,"column":11},"end":{"line":80,"column":5}}]},"2":{"loc":{"start":{"line":74,"column":8},"end":{"line":74,"column":38}},"type":"binary-expr","locations":[{"start":{"line":74,"column":8},"end":{"line":74,"column":21}},{"start":{"line":74,"column":25},"end":{"line":74,"column":38}}]},"3":{"loc":{"start":{"line":76,"column":11},"end":{"line":80,"column":5}},"type":"if","locations":[{"start":{"line":76,"column":11},"end":{"line":80,"column":5}}]},"4":{"loc":{"start":{"line":76,"column":15},"end":{"line":76,"column":46}},"type":"binary-expr","locations":[{"start":{"line":76,"column":15},"end":{"line":76,"column":30}},{"start":{"line":76,"column":34},"end":{"line":76,"column":46}}]},"5":{"loc":{"start":{"line":87,"column":4},"end":{"line":89,"column":5}},"type":"if","locations":[{"start":{"line":87,"column":4},"end":{"line":89,"column":5}}]},"6":{"loc":{"start":{"line":94,"column":22},"end":{"line":94,"column":42}},"type":"binary-expr","locations":[{"start":{"line":94,"column":22},"end":{"line":94,"column":34}},{"start":{"line":94,"column":38},"end":{"line":94,"column":42}}]},"7":{"loc":{"start":{"line":119,"column":25},"end":{"line":119,"column":49}},"type":"binary-expr","locations":[{"start":{"line":119,"column":25},"end":{"line":119,"column":32}},{"start":{"line":119,"column":36},"end":{"line":119,"column":49}}]},"8":{"loc":{"start":{"line":120,"column":28},"end":{"line":120,"column":56}},"type":"binary-expr","locations":[{"start":{"line":120,"column":28},"end":{"line":120,"column":36}},{"start":{"line":120,"column":40},"end":{"line":120,"column":56}}]},"9":{"loc":{"start":{"line":160,"column":25},"end":{"line":160,"column":57}},"type":"binary-expr","locations":[{"start":{"line":160,"column":25},"end":{"line":160,"column":32}},{"start":{"line":160,"column":36},"end":{"line":160,"column":57}}]},"10":{"loc":{"start":{"line":161,"column":28},"end":{"line":161,"column":64}},"type":"binary-expr","locations":[{"start":{"line":161,"column":28},"end":{"line":161,"column":36}},{"start":{"line":161,"column":40},"end":{"line":161,"column":64}}]},"11":{"loc":{"start":{"line":188,"column":12},"end":{"line":190,"column":13}},"type":"if","locations":[{"start":{"line":188,"column":12},"end":{"line":190,"column":13}}]},"12":{"loc":{"start":{"line":206,"column":12},"end":{"line":208,"column":13}},"type":"if","locations":[{"start":{"line":206,"column":12},"end":{"line":208,"column":13}}]}},"s":{"0":6,"1":6,"2":6,"3":6,"4":6,"5":6,"6":6,"7":6,"8":6,"9":6,"10":6,"11":6,"12":6,"13":6,"14":6,"15":6,"16":6,"17":6,"18":6,"19":2,"20":0,"21":2,"22":2,"23":0,"24":0,"25":0,"26":0,"27":0,"28":0,"29":0,"30":0,"31":0,"32":0,"33":0,"34":0,"35":0,"36":0,"37":0,"38":0,"39":0,"40":0,"41":0,"42":0,"43":0,"44":0,"45":0,"46":0,"47":0,"48":0,"49":0,"50":0,"51":0,"52":0,"53":0,"54":0,"55":0,"56":0,"57":0,"58":0,"59":0,"60":0,"61":0,"62":0,"63":0,"64":0,"65":0,"66":0,"67":0,"68":0,"69":0,"70":0,"71":0,"72":0,"73":0,"74":0,"75":0,"76":0,"77":0,"78":0,"79":1,"80":1,"81":1,"82":1,"83":0,"84":1,"85":1,"86":1,"87":1,"88":0,"89":1},"f":{"0":2,"1":0,"2":0,"3":0,"4":0,"5":0,"6":0,"7":0,"8":0,"9":0,"10":0,"11":0,"12":0,"13":1,"14":1},"b":{"0":[0],"1":[0,0],"2":[0,0],"3":[0],"4":[0,0],"5":[0],"6":[0,0],"7":[0,0],"8":[0,0],"9":[0,0],"10":[0,0],"11":[0],"12":[0]}}
,"C:\\Users\\Merved\\Documents\\GitHub\\ExamProjectSoft2ndSem\\Project\\api\\src\\monolithOrderAndFeedback\\OrderAndFeedbackService.ts": {"path":"C:\\Users\\Merved\\Documents\\GitHub\\ExamProjectSoft2ndSem\\Project\\api\\src\\monolithOrderAndFeedback\\OrderAndFeedbackService.ts","statementMap":{"0":{"start":{"line":40,"column":9},"end":{"line":40,"column":20}},"1":{"start":{"line":40,"column":22},"end":{"line":40,"column":42}},"2":{"start":{"line":40,"column":44},"end":{"line":40,"column":56}},"3":{"start":{"line":2,"column":0},"end":{"line":2,"column":49}},"4":{"start":{"line":4,"column":0},"end":{"line":4,"column":null}},"5":{"start":{"line":18,"column":39},"end":{"line":18,"column":57}},"6":{"start":{"line":20,"column":18},"end":{"line":26,"column":null}},"7":{"start":{"line":29,"column":4},"end":{"line":29,"column":17}},"8":{"start":{"line":33,"column":4},"end":{"line":33,"column":26}},"9":{"start":{"line":37,"column":4},"end":{"line":37,"column":34}}},"fnMap":{"0":{"name":"createOrder","decl":{"start":{"line":10,"column":15},"end":{"line":10,"column":26}},"loc":{"start":{"line":16,"column":19},"end":{"line":30,"column":1}}},"1":{"name":"getAllOrders","decl":{"start":{"line":32,"column":15},"end":{"line":32,"column":27}},"loc":{"start":{"line":32,"column":27},"end":{"line":34,"column":1}}},"2":{"name":"getAllAcceptedOrders","decl":{"start":{"line":36,"column":15},"end":{"line":36,"column":35}},"loc":{"start":{"line":36,"column":35},"end":{"line":38,"column":1}}}},"branchMap":{},"s":{"0":6,"1":6,"2":6,"3":6,"4":6,"5":2,"6":2,"7":2,"8":0,"9":0},"f":{"0":2,"1":0,"2":0},"b":{}}
,"C:\\Users\\Merved\\Documents\\GitHub\\ExamProjectSoft2ndSem\\Project\\api\\src\\monolithOrderAndFeedback\\OrderFactory.ts": {"path":"C:\\Users\\Merved\\Documents\\GitHub\\ExamProjectSoft2ndSem\\Project\\api\\src\\monolithOrderAndFeedback\\OrderFactory.ts","statementMap":{"0":{"start":{"line":3,"column":0},"end":{"line":3,"column":59}},"1":{"start":{"line":15,"column":22},"end":{"line":22,"column":10}},"2":{"start":{"line":24,"column":8},"end":{"line":24,"column":37}},"3":{"start":{"line":6,"column":0},"end":{"line":6,"column":13}}},"fnMap":{"0":{"name":"(anonymous_0)","decl":{"start":{"line":7,"column":11},"end":{"line":7,"column":16}},"loc":{"start":{"line":13,"column":23},"end":{"line":25,"column":5}}}},"branchMap":{},"s":{"0":6,"1":2,"2":2,"3":6},"f":{"0":2},"b":{}}
,"C:\\Users\\Merved\\Documents\\GitHub\\ExamProjectSoft2ndSem\\Project\\api\\src\\monolithOrderAndFeedback\\types\\orderStatusEnum.ts": {"path":"C:\\Users\\Merved\\Documents\\GitHub\\ExamProjectSoft2ndSem\\Project\\api\\src\\monolithOrderAndFeedback\\types\\orderStatusEnum.ts","statementMap":{"0":{"start":{"line":1,"column":0},"end":{"line":1,"column":null}},"1":{"start":{"line":2,"column":4},"end":{"line":2,"column":null}},"2":{"start":{"line":3,"column":4},"end":{"line":3,"column":null}},"3":{"start":{"line":4,"column":4},"end":{"line":4,"column":null}},"4":{"start":{"line":5,"column":4},"end":{"line":5,"column":null}},"5":{"start":{"line":6,"column":4},"end":{"line":6,"column":null}}},"fnMap":{"0":{"name":"(anonymous_0)","decl":{"start":{"line":1,"column":0},"end":{"line":1,"column":12}},"loc":{"start":{"line":1,"column":27},"end":{"line":7,"column":1}}}},"branchMap":{"0":{"loc":{"start":{"line":1,"column":12},"end":{"line":1,"column":null}},"type":"binary-expr","locations":[{"start":{"line":1,"column":12},"end":{"line":1,"column":27}},{"start":{"line":1,"column":27},"end":{"line":1,"column":null}}]}},"s":{"0":10,"1":10,"2":10,"3":10,"4":10,"5":10},"f":{"0":10},"b":{"0":[10,10]}}
,"C:\\Users\\Merved\\Documents\\GitHub\\ExamProjectSoft2ndSem\\Project\\api\\src\\tests\\mocks\\feedbackMocksAPI.ts": {"path":"C:\\Users\\Merved\\Documents\\GitHub\\ExamProjectSoft2ndSem\\Project\\api\\src\\tests\\mocks\\feedbackMocksAPI.ts","statementMap":{"0":{"start":{"line":1,"column":13},"end":{"line":6,"column":2}},"1":{"start":{"line":8,"column":13},"end":{"line":13,"column":2}},"2":{"start":{"line":15,"column":13},"end":{"line":20,"column":2}}},"fnMap":{},"branchMap":{},"s":{"0":1,"1":1,"2":1},"f":{},"b":{}}
,"C:\\Users\\Merved\\Documents\\GitHub\\ExamProjectSoft2ndSem\\Project\\api\\src\\tests\\mocks\\feedbackMocksDB.ts": {"path":"C:\\Users\\Merved\\Documents\\GitHub\\ExamProjectSoft2ndSem\\Project\\api\\src\\tests\\mocks\\feedbackMocksDB.ts","statementMap":{"0":{"start":{"line":1,"column":0},"end":{"line":1,"column":35}},"1":{"start":{"line":3,"column":13},"end":{"line":3,"column":null}},"2":{"start":{"line":5,"column":13},"end":{"line":12,"column":2}}},"fnMap":{},"branchMap":{},"s":{"0":1,"1":1,"2":1},"f":{},"b":{}}
,"C:\\Users\\Merved\\Documents\\GitHub\\ExamProjectSoft2ndSem\\Project\\api\\src\\tests\\mocks\\orderMocksAPI.ts": {"path":"C:\\Users\\Merved\\Documents\\GitHub\\ExamProjectSoft2ndSem\\Project\\api\\src\\tests\\mocks\\orderMocksAPI.ts","statementMap":{"0":{"start":{"line":1,"column":18},"end":{"line":1,"column":28}},"1":{"start":{"line":3,"column":26},"end":{"line":7,"column":2}},"2":{"start":{"line":9,"column":13},"end":{"line":18,"column":2}},"3":{"start":{"line":20,"column":13},"end":{"line":27,"column":null}},"4":{"start":{"line":29,"column":13},"end":{"line":39,"column":2}},"5":{"start":{"line":41,"column":13},"end":{"line":60,"column":2}}},"fnMap":{},"branchMap":{},"s":{"0":1,"1":1,"2":1,"3":1,"4":1,"5":1},"f":{},"b":{}}
}
