TN:
SF:src\index.ts
FN:27,(anonymous_1)
FN:48,(anonymous_2)
FN:61,(anonymous_3)
FN:93,(anonymous_4)
FN:113,(anonymous_5)
FN:135,(anonymous_6)
FN:156,(anonymous_7)
FN:178,(anonymous_8)
FNF:8
FNH:8
FNDA:3,(anonymous_1)
FNDA:1,(anonymous_2)
FNDA:2,(anonymous_3)
FNDA:2,(anonymous_4)
FNDA:2,(anonymous_5)
FNDA:1,(anonymous_6)
FNDA:1,(anonymous_7)
FNDA:3,(anonymous_8)
DA:1,4
DA:2,4
DA:3,4
DA:4,4
DA:9,4
DA:14,4
DA:15,4
DA:17,4
DA:20,4
DA:22,4
DA:23,4
DA:25,4
DA:27,4
DA:28,3
DA:29,3
DA:31,3
DA:33,1
DA:35,2
DA:36,1
DA:37,1
DA:40,1
DA:42,1
DA:48,4
DA:49,1
DA:50,1
DA:52,1
DA:54,0
DA:55,0
DA:61,4
DA:62,2
DA:70,2
DA:72,2
DA:81,2
DA:82,1
DA:83,1
DA:86,1
DA:88,0
DA:89,0
DA:93,4
DA:94,2
DA:95,2
DA:97,2
DA:98,1
DA:101,1
DA:104,1
DA:106,0
DA:107,0
DA:113,4
DA:114,2
DA:115,2
DA:117,2
DA:119,2
DA:120,1
DA:123,1
DA:126,1
DA:128,0
DA:129,0
DA:135,4
DA:136,1
DA:137,1
DA:140,1
DA:141,0
DA:144,0
DA:147,1
DA:149,0
DA:150,0
DA:156,4
DA:157,1
DA:158,1
DA:159,1
DA:162,1
DA:163,0
DA:166,0
DA:169,1
DA:171,0
DA:172,0
DA:178,4
DA:179,3
DA:180,3
DA:182,3
DA:189,2
DA:190,1
DA:191,1
DA:194,1
DA:196,1
DA:197,1
DA:201,4
DA:203,4
LF:88
LH:72
BRDA:35,0,0,1
BRDA:81,1,0,1
BRDA:97,2,0,1
BRDA:119,3,0,1
BRDA:140,4,0,0
BRDA:162,5,0,0
BRDA:189,6,0,1
BRF:7
BRH:5
end_of_record
TN:
SF:src\ormconfig.ts
FNF:0
FNH:0
DA:1,10
DA:2,10
DA:3,10
DA:4,10
DA:9,10
DA:10,10
DA:12,10
DA:14,10
DA:15,10
DA:17,10
LF:10
LH:10
BRDA:15,0,0,10
BRDA:15,0,1,0
BRF:2
BRH:1
end_of_record
TN:
SF:src\RestaurantService\Restaurant.ts
FNF:0
FNH:0
DA:1,10
DA:2,10
DA:5,10
DA:7,10
DA:10,10
DA:13,10
DA:16,10
DA:20,10
DA:22,10
DA:25,10
DA:28,10
DA:31,10
DA:35,10
DA:37,10
DA:40,10
DA:43,10
DA:46,10
LF:17
LH:17
BRF:0
BRH:0
end_of_record
TN:
SF:src\RestaurantService\dbFunctions.ts
FN:10,getAddress
FN:20,getMenuItems
FN:30,getAllRestaurants
FNF:3
FNH:0
FNDA:0,getAddress
FNDA:0,getMenuItems
FNDA:0,getAllRestaurants
DA:2,4
DA:3,4
DA:6,4
DA:7,4
DA:8,4
DA:11,0
DA:17,0
DA:21,0
DA:27,0
DA:31,0
DA:33,0
DA:35,0
DA:36,0
DA:37,0
DA:39,0
DA:45,0
DA:48,0
DA:51,4
LF:18
LH:6
BRF:0
BRH:0
end_of_record
TN:
SF:src\adapters\loginServiceAdapter.ts
FN:10,loginServiceValidateCredentials
FNF:1
FNH:1
FNDA:3,loginServiceValidateCredentials
DA:1,4
DA:2,4
DA:5,4
DA:7,4
DA:8,4
DA:11,3
DA:13,3
DA:15,1
DA:19,4
LF:9
LH:9
BRF:0
BRH:0
end_of_record
TN:
SF:src\loginService\User.ts
FNF:0
FNH:0
DA:1,10
DA:2,10
DA:3,10
DA:6,10
DA:8,10
DA:11,10
DA:14,10
DA:17,10
DA:20,10
DA:23,10
DA:26,10
LF:11
LH:11
BRF:0
BRH:0
end_of_record
TN:
SF:src\loginService\loginRoutes.ts
FN:7,(anonymous_1)
FNF:1
FNH:1
FNDA:3,(anonymous_1)
DA:1,5
DA:2,5
DA:5,5
DA:7,5
DA:8,3
DA:9,3
DA:10,3
DA:11,2
DA:12,1
DA:14,1
DA:17,1
DA:18,1
DA:22,5
LF:13
LH:13
BRDA:11,0,0,1
BRDA:11,0,1,1
BRF:2
BRH:2
end_of_record
TN:
SF:src\loginService\userRepository.ts
FN:7,validateCredentials
FNF:1
FNH:0
FNDA:0,validateCredentials
DA:2,5
DA:3,5
DA:5,5
DA:8,0
DA:10,0
DA:15,0
DA:18,5
LF:7
LH:4
BRF:0
BRH:0
end_of_record
TN:
SF:src\loginService\types\users.ts
FN:1,(anonymous_0)
FNF:1
FNH:1
FNDA:10,(anonymous_0)
DA:1,10
DA:2,10
DA:3,10
DA:4,10
DA:5,10
LF:5
LH:5
BRDA:1,0,0,10
BRDA:1,0,1,10
BRF:2
BRH:2
end_of_record
TN:
SF:src\messagingService\kafkaAdapter.ts
FN:13,sendEvent
FN:29,runConsumer
FN:34,(anonymous_2)
FNF:3
FNH:0
FNDA:0,sendEvent
FNDA:0,runConsumer
FNDA:0,(anonymous_2)
DA:1,4
DA:4,4
DA:9,4
DA:10,4
DA:14,0
DA:16,0
DA:25,0
DA:30,0
DA:31,0
DA:33,0
DA:37,0
DA:38,0
DA:39,0
DA:41,0
DA:42,0
DA:44,0
DA:46,0
DA:47,0
DA:49,0
DA:50,0
DA:53,0
DA:54,0
DA:56,0
DA:59,0
DA:64,4
LF:25
LH:5
BRDA:6,0,0,4
BRDA:6,0,1,0
BRDA:37,1,0,0
BRDA:44,2,0,0
BRDA:44,2,1,0
BRDA:44,2,2,0
BRDA:44,2,3,0
BRF:7
BRH:1
end_of_record
TN:
SF:src\messagingService\messaging.ts
FN:4,messagingRoutes
FN:5,(anonymous_1)
FN:21,(anonymous_2)
FNF:3
FNH:1
FNDA:4,messagingRoutes
FNDA:0,(anonymous_1)
FNDA:0,(anonymous_2)
DA:2,4
DA:4,4
DA:5,4
DA:6,0
DA:8,0
DA:14,0
DA:16,0
DA:17,0
DA:21,4
DA:22,0
DA:23,0
DA:24,0
DA:25,0
DA:26,0
DA:28,0
DA:29,0
LF:16
LH:4
BRF:0
BRH:0
end_of_record
TN:
SF:src\monolithOrderAndFeedback\Feedback.ts
FNF:0
FNH:0
DA:1,10
DA:2,10
DA:5,10
DA:7,10
DA:10,10
DA:13,10
DA:16,10
LF:7
LH:7
BRF:0
BRH:0
end_of_record
TN:
SF:src\monolithOrderAndFeedback\Order.ts
FNF:0
FNH:0
DA:1,10
DA:2,10
DA:3,10
DA:9,10
DA:11,10
DA:14,10
DA:17,10
DA:20,10
DA:27,10
DA:30,10
DA:33,10
DA:36,10
DA:39,10
DA:42,10
DA:45,10
LF:15
LH:15
BRF:0
BRH:0
end_of_record
TN:
SF:src\monolithOrderAndFeedback\OrderAndFeedbackRepository.ts
FN:16,AddOrder
FN:24,getAddress
FN:34,getCustomer
FN:44,getMenuItems
FN:45,(anonymous_4)
FN:46,(anonymous_5)
FN:51,(anonymous_6)
FN:56,(anonymous_7)
FN:60,(anonymous_8)
FN:69,acceptRejectOrder
FN:102,GetAllOrdersById
FN:133,GetAllOrders
FN:144,GetAllAcceptedOrders
FN:174,createFeedbackAndLinkOrder
FN:181,(anonymous_14)
FNF:15
FNH:3
FNDA:2,AddOrder
FNDA:0,getAddress
FNDA:0,getCustomer
FNDA:0,getMenuItems
FNDA:0,(anonymous_4)
FNDA:0,(anonymous_5)
FNDA:0,(anonymous_6)
FNDA:0,(anonymous_7)
FNDA:0,(anonymous_8)
FNDA:0,acceptRejectOrder
FNDA:0,GetAllOrdersById
FNDA:0,GetAllOrders
FNDA:0,GetAllAcceptedOrders
FNDA:1,createFeedbackAndLinkOrder
FNDA:1,(anonymous_14)
DA:1,6
DA:2,6
DA:3,6
DA:4,6
DA:5,6
DA:6,6
DA:10,6
DA:11,6
DA:12,6
DA:13,6
DA:14,6
DA:17,2
DA:19,2
DA:21,2
DA:25,0
DA:31,0
DA:35,0
DA:41,0
DA:45,0
DA:46,0
DA:49,0
DA:51,0
DA:55,0
DA:56,0
DA:59,0
DA:60,0
DA:66,0
DA:74,0
DA:75,0
DA:76,0
DA:77,0
DA:82,0
DA:83,0
DA:87,0
DA:88,0
DA:91,0
DA:97,0
DA:99,0
DA:103,0
DA:104,0
DA:105,0
DA:109,0
DA:111,0
DA:113,0
DA:114,0
DA:115,0
DA:117,0
DA:123,0
DA:126,0
DA:128,0
DA:129,0
DA:134,0
DA:135,0
DA:137,0
DA:139,0
DA:140,0
DA:145,0
DA:146,0
DA:150,0
DA:152,0
DA:154,0
DA:155,0
DA:156,0
DA:158,0
DA:164,0
DA:167,0
DA:169,0
DA:170,0
DA:180,1
DA:182,1
DA:184,1
DA:188,1
DA:189,0
DA:192,1
DA:198,1
DA:200,1
DA:206,1
DA:207,0
DA:210,1
DA:216,6
DA:217,6
DA:218,6
DA:219,6
DA:220,6
DA:221,6
DA:222,6
DA:223,6
LF:87
LH:31
BRDA:17,0,0,0
BRDA:74,1,0,0
BRDA:74,1,1,0
BRDA:74,2,0,0
BRDA:74,2,1,0
BRDA:76,3,0,0
BRDA:76,4,0,0
BRDA:76,4,1,0
BRDA:87,5,0,0
BRDA:94,6,0,0
BRDA:94,6,1,0
BRDA:119,7,0,0
BRDA:119,7,1,0
BRDA:120,8,0,0
BRDA:120,8,1,0
BRDA:160,9,0,0
BRDA:160,9,1,0
BRDA:161,10,0,0
BRDA:161,10,1,0
BRDA:188,11,0,0
BRDA:206,12,0,0
BRF:21
BRH:0
end_of_record
TN:
SF:src\monolithOrderAndFeedback\OrderAndFeedbackService.ts
FN:10,createOrder
FN:32,getAllOrders
FN:36,getAllAcceptedOrders
FNF:3
FNH:1
FNDA:2,createOrder
FNDA:0,getAllOrders
FNDA:0,getAllAcceptedOrders
DA:2,6
DA:4,6
DA:18,2
DA:20,2
DA:29,2
DA:33,0
DA:37,0
DA:40,6
LF:8
LH:6
BRF:0
BRH:0
end_of_record
TN:
SF:src\monolithOrderAndFeedback\OrderFactory.ts
FN:7,(anonymous_0)
FNF:1
FNH:1
FNDA:2,(anonymous_0)
DA:3,6
DA:6,6
DA:15,2
DA:24,2
LF:4
LH:4
BRF:0
BRH:0
end_of_record
TN:
SF:src\monolithOrderAndFeedback\types\orderStatusEnum.ts
FN:1,(anonymous_0)
FNF:1
FNH:1
FNDA:10,(anonymous_0)
DA:1,10
DA:2,10
DA:3,10
DA:4,10
DA:5,10
DA:6,10
LF:6
LH:6
BRDA:1,0,0,10
BRDA:1,0,1,10
BRF:2
BRH:2
end_of_record
TN:
SF:src\tests\mocks\feedbackMocksAPI.ts
FNF:0
FNH:0
DA:1,1
DA:8,1
DA:15,1
LF:3
LH:3
BRF:0
BRH:0
end_of_record
TN:
SF:src\tests\mocks\feedbackMocksDB.ts
FNF:0
FNH:0
DA:1,1
DA:3,1
DA:5,1
LF:3
LH:3
BRF:0
BRH:0
end_of_record
TN:
SF:src\tests\mocks\orderMocksAPI.ts
FNF:0
FNH:0
DA:1,1
DA:3,1
DA:9,1
DA:20,1
DA:29,1
DA:41,1
LF:6
LH:6
BRF:0
BRH:0
end_of_record
